LOG: 2017/10/31 23:07:06 log.go:51: There is the log message
LOG: 2017/10/31 23:07:45 log.go:51: There is the log message
LOG: 2017/10/31 23:07:50 log.go:51: There is the log message
LOG: 2017/10/31 23:07:50 user.go:71: Successfully registered the account aaa !
LOG: 2017/10/31 23:08:09 log.go:51: There is the log message
LOG: 2017/10/31 23:19:26 log.go:51: There is the log message
LOG: 2017/10/31 23:19:49 log.go:51: There is the log message
LOG: 2017/10/31 23:20:08 log.go:51: There is the log message
LOG: 2017/10/31 23:20:22 log.go:51: There is the log message
LOG: 2017/10/31 23:20:22 user.go:106: You had logged out successfully!
LOG: 2017/10/31 23:21:36 log.go:51: There is the log message
LOG: 2017/10/31 23:21:36 user.go:106: You had logged out successfully!
LOG: 2017/10/31 23:21:38 log.go:51: There is the log message
LOG: 2017/10/31 23:21:38 user.go:106: You had logged out successfully!
LOG: 2017/10/31 23:21:40 log.go:51: There is the log message
LOG: 2017/10/31 23:43:13 log.go:51: There is the log message
LOG: 2017/10/31 23:43:13 user.go:92: aaa had logged in successfully!
LOG: 2017/10/31 23:43:29 log.go:51: There is the log message
LOG: 2017/10/31 23:43:41 log.go:51: There is the log message
LOG: 2017/10/31 23:44:05 log.go:51: There is the log message
LOG: 2017/10/31 23:44:24 log.go:51: There is the log message
LOG: 2017/10/31 23:44:50 log.go:51: There is the log message
LOG: 2017/10/31 23:45:19 log.go:51: There is the log message
LOG: 2017/10/31 23:45:25 log.go:51: There is the log message
LOG: 2017/10/31 23:45:35 log.go:51: There is the log message
LOG: 2017/11/05 13:37:22 log.go:51: There is the log message
LOG: 2017/11/05 13:48:54 log.go:51: There is the log message
LOG: 2017/11/05 13:49:03 log.go:51: There is the log message
LOG: 2017/11/05 13:49:03 user.go:106: You had logged out successfully!
LOG: 2017/11/05 13:49:09 log.go:51: There is the log message
LOG: 2017/11/05 13:49:09 user.go:92: aaa had logged in successfully!
LOG: 2017/11/05 13:49:16 log.go:51: There is the log message
LOG: 2017/11/05 13:49:16 user.go:106: You had logged out successfully!
LOG: 2017/11/05 13:49:34 log.go:51: There is the log message
LOG: 2017/11/05 13:50:12 log.go:51: There is the log message
LOG: 2017/11/05 13:50:12 user.go:106: You had logged out successfully!
LOG: 2017/11/05 13:50:20 log.go:51: There is the log message
LOG: 2017/11/05 13:51:08 log.go:51: There is the log message
LOG: 2017/11/05 13:51:31 log.go:51: There is the log message
LOG: 2017/11/05 13:51:54 log.go:51: There is the log message
LOG: 2017/11/05 13:51:54 user.go:71: Successfully registered the account aaa !
LOG: 2017/11/05 13:52:11 log.go:51: There is the log message
LOG: 2017/11/05 13:52:11 user.go:92: aaa had logged in successfully!
LOG: 2017/11/05 13:52:29 log.go:51: There is the log message
LOG: 2017/11/05 13:52:30 user.go:106: You had logged out successfully!
LOG: 2017/11/05 13:52:41 log.go:51: There is the log message
LOG: 2017/11/05 13:53:50 log.go:51: There is the log message
LOG: 2017/11/05 13:53:56 log.go:51: There is the log message
LOG: 2017/11/05 13:54:46 log.go:51: There is the log message
LOG: 2017/11/05 13:55:06 log.go:51: There is the log message
LOG: 2017/11/05 13:55:06 user.go:92: aaa had logged in successfully!
LOG: 2017/11/05 13:55:19 log.go:51: There is the log message
LOG: 2017/11/05 13:55:19 meeting.go:55: A meeting was successfully created!
LOG: 2017/11/05 14:01:44 log.go:51: There is the log message
LOG: 2017/11/05 14:02:02 log.go:51: There is the log message
LOG: 2017/11/05 14:02:02 meeting.go:55: A meeting was successfully created!
LOG: 2017/11/05 14:04:51 log.go:51: There is the log message
LOG: 2017/11/05 14:05:06 log.go:51: There is the log message
LOG: 2017/11/05 14:05:07 meeting.go:55: A meeting was successfully created!
LOG: 2017/11/05 14:07:50 log.go:51: There is the log message
LOG: 2017/11/05 14:08:05 log.go:51: There is the log message
LOG: 2017/11/05 14:08:23 log.go:51: There is the log message
LOG: 2017/11/05 14:08:31 log.go:51: There is the log message
LOG: 2017/11/05 14:08:39 log.go:51: There is the log message
LOG: 2017/11/05 14:08:39 meeting.go:144: The meeting was successfully deleted!
LOG: 2017/11/05 14:08:46 log.go:51: There is the log message
LOG: 2017/11/05 14:08:47 meeting.go:144: The meeting was successfully deleted!
LOG: 2017/11/05 14:09:00 log.go:51: There is the log message
LOG: 2017/11/05 14:09:06 log.go:51: There is the log message
LOG: 2017/11/05 14:09:29 log.go:51: There is the log message
LOG: 2017/11/05 14:09:47 log.go:51: There is the log message
LOG: 2017/11/05 14:10:41 log.go:51: There is the log message
LOG: 2017/11/05 14:11:59 log.go:51: There is the log message
LOG: 2017/11/05 14:11:59 meeting.go:161: You've successfully quit the meeting englishlessons!
LOG: 2017/11/05 14:13:33 log.go:51: There is the log message
LOG: 2017/11/05 14:13:33 service.go:147: "Name"  "Email"               "Phone"    
LOG: 2017/11/05 14:13:33 service.go:153: "aaa"  "email@www.com"       "12345678901"
LOG: 2017/11/05 14:13:33 user.go:121: Listing users operation completed successfully!
LOG: 2017/11/05 14:15:39 log.go:51: There is the log message
LOG: 2017/11/05 14:15:39 meeting.go:55: A meeting was successfully created!
LOG: 2017/11/05 14:16:11 log.go:51: There is the log message
LOG: 2017/11/05 14:16:11 meeting.go:144: The meeting was successfully deleted!
LOG: 2017/11/05 14:17:20 log.go:51: There is the log message
LOG: 2017/11/05 14:17:20 service.go:309: Title  StartDate  EndDate  Sponsor  Participators
LOG: 2017/11/05 14:17:20 meeting.go:125: Listing meeting operation completed successfully!
LOG: 2017/11/05 14:20:20 log.go:51: There is the log message
LOG: 2017/11/05 14:20:38 log.go:51: There is the log message
LOG: 2017/11/05 14:20:38 user.go:137: Your account was deleted successfully!
